0 info it worked if it ends with ok
1 verbose cli [ 'C:\\Program Files\\nodejs\\node.exe',
1 verbose cli   'C:\\Program Files\\nodejs\\node_modules\\npm\\bin\\npm-cli.js',
1 verbose cli   'start' ]
2 info using npm@3.3.6
3 info using node@v5.0.0
4 verbose run-script [ 'prestart', 'start', 'poststart' ]
5 info lifecycle 5_react@1.0.0~prestart: 5_react@1.0.0
6 silly lifecycle 5_react@1.0.0~prestart: no script for prestart, continuing
7 info lifecycle 5_react@1.0.0~start: 5_react@1.0.0
8 verbose lifecycle 5_react@1.0.0~start: unsafe-perm in lifecycle true
9 verbose lifecycle 5_react@1.0.0~start: PATH: C:\Users\sandip.mondal\AppData\Roaming\nvm\v5.0.0\node_modules\npm\bin\node-gyp-bin;C:\Sandip\share\work\react\sample\node_modules\.bin;C:\Users\sandip.mondal\bin;C:\Program Files\Git\mingw64\bin;C:\Program Files\Git\usr\local\bin;C:\Program Files\Git\usr\bin;C:\Program Files\Git\usr\bin;C:\Program Files\Git\mingw64\bin;C:\Program Files\Git\usr\bin;C:\ProgramData\Oracle\Java\javapath;C:\Program Files (x86)\RSA SecurID Token Common;C:\Program Files (x86)\Intel\iCLS Client;C:\Program Files\Intel\iCLS Client;C:\Windows\system32;C:\Windows;C:\Windows\System32\Wbem;C:\Windows\System32\WindowsPowerShell\v1.0;C:\Program Files\Intel\Intel(R) Management Engine Components\DAL;C:\Program Files\Intel\Intel(R) Management Engine Components\IPT;C:\Program Files (x86)\Intel\Intel(R) Management Engine Components\DAL;C:\Program Files (x86)\Intel\Intel(R) Management Engine Components\IPT;C:\Program Files (x86)\Google\Google Apps Sync;C:\Program Files (x86)\Google\Google Apps Migration;phantomjs-1.5.0-win32-static;C:\Users\sandip.mondal\AppData\Roaming\nvm;C:\Program Files\nodejs;C:\Ruby193\bin;C:\Users\sandip.mondal\AppData\Roaming\npm;C:\Program Files\Docker Toolbox;C:\Users\sandip.mondal\AppData\Roaming\nvm;C:\Program Files\nodejs;C:\Program Files\Git\usr\bin\vendor_perl;C:\Program Files\Git\usr\bin\core_perl
10 verbose lifecycle 5_react@1.0.0~start: CWD: C:\Sandip\share\work\react\sample
11 silly lifecycle 5_react@1.0.0~start: Args: [ '/d /s /c',
11 silly lifecycle   'webpack-dev-server  -content-base src --inline ' ]
12 silly lifecycle 5_react@1.0.0~start: Returned: code: 1  signal: null
13 info lifecycle 5_react@1.0.0~start: Failed to exec start script
14 verbose stack Error: 5_react@1.0.0 start: `webpack-dev-server  -content-base src --inline `
14 verbose stack Exit status 1
14 verbose stack     at EventEmitter.<anonymous> (C:\Users\sandip.mondal\AppData\Roaming\nvm\v5.0.0\node_modules\npm\lib\utils\lifecycle.js:233:16)
14 verbose stack     at emitTwo (events.js:87:13)
14 verbose stack     at EventEmitter.emit (events.js:172:7)
14 verbose stack     at ChildProcess.<anonymous> (C:\Users\sandip.mondal\AppData\Roaming\nvm\v5.0.0\node_modules\npm\lib\utils\spawn.js:24:14)
14 verbose stack     at emitTwo (events.js:87:13)
14 verbose stack     at ChildProcess.emit (events.js:172:7)
14 verbose stack     at maybeClose (internal/child_process.js:818:16)
14 verbose stack     at Process.ChildProcess._handle.onexit (internal/child_process.js:211:5)
15 verbose pkgid 5_react@1.0.0
16 verbose cwd C:\Sandip\share\work\react\sample
17 error Windows_NT 6.1.7601
18 error argv "C:\\Program Files\\nodejs\\node.exe" "C:\\Program Files\\nodejs\\node_modules\\npm\\bin\\npm-cli.js" "start"
19 error node v5.0.0
20 error npm  v3.3.6
21 error code ELIFECYCLE
22 error 5_react@1.0.0 start: `webpack-dev-server  -content-base src --inline `
22 error Exit status 1
23 error Failed at the 5_react@1.0.0 start script 'webpack-dev-server  -content-base src --inline '.
23 error This is most likely a problem with the 5_react package,
23 error not with npm itself.
23 error Tell the author that this fails on your system:
23 error     webpack-dev-server  -content-base src --inline
23 error You can get their info via:
23 error     npm owner ls 5_react
23 error There is likely additional logging output above.
24 verbose exit [ 1, true ]
